{
  "uid" : "1e426f1bb465a30f",
  "name" : "Invalid login - data table",
  "fullName" : "features/tests/Validation.feature:Invalid login - data table",
  "historyId" : "af6cdccb3c63a220aaa53a1d743dbcf7",
  "time" : {
    "start" : 1606689691253,
    "stop" : 1606689697895,
    "duration" : 6642
  },
  "status" : "passed",
  "flaky" : false,
  "newFailed" : false,
  "beforeStages" : [ ],
  "testStage" : {
    "status" : "passed",
    "steps" : [ {
      "name" : "Given I open login page",
      "time" : {
        "start" : 1606689691281,
        "stop" : 1606689691999,
        "duration" : 718
      },
      "status" : "passed",
      "steps" : [ ],
      "attachments" : [ ],
      "parameters" : [ ],
      "stepsCount" : 0,
      "attachmentsCount" : 0,
      "shouldDisplayMessage" : false,
      "hasContent" : false
    }, {
      "name" : "Then I see validation message for",
      "time" : {
        "start" : 1606689691999,
        "stop" : 1606689697895,
        "duration" : 5896
      },
      "status" : "passed",
      "steps" : [ ],
      "attachments" : [ {
        "uid" : "3dece91d57b9634d",
        "name" : ".table",
        "source" : "3dece91d57b9634d.csv",
        "type" : "text/csv",
        "size" : 220
      } ],
      "parameters" : [ ],
      "stepsCount" : 0,
      "attachmentsCount" : 1,
      "shouldDisplayMessage" : false,
      "hasContent" : true
    } ],
    "attachments" : [ ],
    "parameters" : [ ],
    "stepsCount" : 2,
    "attachmentsCount" : 1,
    "shouldDisplayMessage" : false,
    "hasContent" : true
  },
  "afterStages" : [ ],
  "labels" : [ {
    "name" : "severity",
    "value" : "normal"
  }, {
    "name" : "tag",
    "value" : "regression"
  }, {
    "name" : "feature",
    "value" : "Login"
  }, {
    "name" : "framework",
    "value" : "behave"
  }, {
    "name" : "language",
    "value" : "cpython3"
  }, {
    "name" : "resultFormat",
    "value" : "allure2"
  } ],
  "parameters" : [ ],
  "links" : [ ],
  "hidden" : false,
  "retry" : false,
  "extra" : {
    "severity" : "normal",
    "retries" : [ ],
    "categories" : [ ],
    "history" : {
      "statistic" : {
        "failed" : 1,
        "broken" : 0,
        "skipped" : 0,
        "passed" : 1,
        "unknown" : 0,
        "total" : 2
      },
      "items" : [ {
        "uid" : "faf539b10fa7671",
        "reportUrl" : "https://one-focus.github.io/python-behave-allure-base/10//#testresult/faf539b10fa7671",
        "status" : "failed",
        "statusDetails" : "AssertionError: FAILED SUB-STEP: Then I see \"Incorrect username or password entered\" on the page\nSubstep info: Traceback (most recent call last):\n  File \"/opt/hostedtoolcache/Python/3.7.9/x64/lib/python3.7/site-packages/behave/model.py\", line 1806, in run\n    match.run(runner.context)\n  File \"/opt/hostedtoolcache/Python/3.7.9/x64/lib/python3.7/site-packages/behave/matchers.py\", line 97, in run\n    self.func(context, *args, **kwargs)\n  File \"features/steps/basic_steps.py\", line 30, in step_impl\n    ec.text_to_be_present_in_element(element, text), f'Unable to find text: {text}')\n  File \"/opt/hostedtoolcache/Python/3.7.9/x64/lib/python3.7/site-packages/selenium/webdriver/support/wait.py\", line 80, in until\n    raise TimeoutException(message, screen, stacktrace)\nselenium.common.exceptions.TimeoutException: Message: Unable to find text: Incorrect username or password entered\n\n\nTraceback (of failed substep):\n  File \"/opt/hostedtoolcache/Python/3.7.9/x64/lib/python3.7/site-packages/behave/model.py\", line 1806, in run\n    match.run(runner.context)\n  File \"/opt/hostedtoolcache/Python/3.7.9/x64/lib/python3.7/site-packages/behave/matchers.py\", line 97, in run\n    self.func(context, *args, **kwargs)\n  File \"features/steps/basic_steps.py\", line 30, in step_impl\n    ec.text_to_be_present_in_element(element, text), f'Unable to find text: {text}')\n  File \"/opt/hostedtoolcache/Python/3.7.9/x64/lib/python3.7/site-packages/selenium/webdriver/support/wait.py\", line 80, in until\n    raise TimeoutException(message, screen, stacktrace)\n\n",
        "time" : {
          "start" : 1606689459299,
          "stop" : 1606689473166,
          "duration" : 13867
        }
      } ]
    },
    "tags" : [ "regression" ]
  },
  "source" : "1e426f1bb465a30f.json",
  "parameterValues" : [ ]
}