{"name": "Validate left menu -- @1.5 ", "status": "broken", "statusDetails": {"message": "selenium.common.exceptions.TimeoutException: Message: Unable to find text: Donation amount\n\n", "trace": "  File \"/Library/Frameworks/Python.framework/Versions/3.8/lib/python3.8/site-packages/behave/model.py\", line 1329, in run\n    match.run(runner.context)\n  File \"/Library/Frameworks/Python.framework/Versions/3.8/lib/python3.8/site-packages/behave/matchers.py\", line 98, in run\n    self.func(context, *args, **kwargs)\n  File \"features/steps/basic_steps.py\", line 29, in step_impl\n    WebDriverWait(context.driver, 5).until(\n  File \"/Library/Frameworks/Python.framework/Versions/3.8/lib/python3.8/site-packages/selenium/webdriver/support/wait.py\", line 80, in until\n    raise TimeoutException(message, screen, stacktrace)\n"}, "steps": [{"name": "Given I open home page", "status": "passed", "start": 1606142225513, "stop": 1606142225971}, {"name": "When I click on Donate", "status": "passed", "start": 1606142225971, "stop": 1606142226878}, {"name": "Then I see \"Donation amount\" on the page", "status": "broken", "statusDetails": {"message": "selenium.common.exceptions.TimeoutException: Message: Unable to find text: Donation amount\n\n", "trace": "  File \"/Library/Frameworks/Python.framework/Versions/3.8/lib/python3.8/site-packages/behave/model.py\", line 1329, in run\n    match.run(runner.context)\n  File \"/Library/Frameworks/Python.framework/Versions/3.8/lib/python3.8/site-packages/behave/matchers.py\", line 98, in run\n    self.func(context, *args, **kwargs)\n  File \"features/steps/basic_steps.py\", line 29, in step_impl\n    WebDriverWait(context.driver, 5).until(\n  File \"/Library/Frameworks/Python.framework/Versions/3.8/lib/python3.8/site-packages/selenium/webdriver/support/wait.py\", line 80, in until\n    raise TimeoutException(message, screen, stacktrace)\n"}, "attachments": [{"name": "bug.png", "source": "d3c5f8ff-7bf3-4032-92e8-bda5b7b8004c-attachment.png", "type": "image/png"}], "start": 1606142226878, "stop": 1606142232642}, {"name": "Given I open home page", "status": "passed", "start": 1606142232655, "stop": 1606142233164}, {"name": "When I click on Donate", "status": "passed", "start": 1606142233164, "stop": 1606142234550}, {"name": "Then I see \"Donation amount\" on the page", "status": "broken", "statusDetails": {"message": "selenium.common.exceptions.TimeoutException: Message: Unable to find text: Donation amount\n\n", "trace": "  File \"/Library/Frameworks/Python.framework/Versions/3.8/lib/python3.8/site-packages/behave/model.py\", line 1329, in run\n    match.run(runner.context)\n  File \"/Library/Frameworks/Python.framework/Versions/3.8/lib/python3.8/site-packages/behave/matchers.py\", line 98, in run\n    self.func(context, *args, **kwargs)\n  File \"features/steps/basic_steps.py\", line 29, in step_impl\n    WebDriverWait(context.driver, 5).until(\n  File \"/Library/Frameworks/Python.framework/Versions/3.8/lib/python3.8/site-packages/selenium/webdriver/support/wait.py\", line 80, in until\n    raise TimeoutException(message, screen, stacktrace)\n"}, "attachments": [{"name": "bug.png", "source": "053b87c9-c2f2-4791-8216-1cf1168f1b94-attachment.png", "type": "image/png"}], "start": 1606142234551, "stop": 1606142240234}], "parameters": [{"name": "menu item", "value": "Donate"}, {"name": "text", "value": "Donation amount"}], "start": 1606142225502, "stop": 1606142240234, "uuid": "d9fb654a-c7e8-4259-aceb-31976d5b7181", "historyId": "a4081c5a89d84572058f619bdad39e7f", "labels": [{"name": "severity", "value": "normal"}, {"name": "tag", "value": "regression"}, {"name": "tag", "value": "search"}, {"name": "feature", "value": "Main page"}, {"name": "framework", "value": "behave"}, {"name": "language", "value": "cpython3"}]}